<?xml version="1.0" encoding="UTF-8"?>
<testsuites name="jest tests" tests="24" failures="0" errors="0" time="0.26">
  <testsuite name="知识路由中间件" errors="0" failures="0" skipped="0" timestamp="2025-04-03T04:57:53" time="0.232" tests="24">
    <testcase classname="知识路由中间件 路径匹配 应处理/api/v1/knowledge路径" name="知识路由中间件 路径匹配 应处理/api/v1/knowledge路径" time="0.002">
    </testcase>
    <testcase classname="知识路由中间件 路径匹配 应处理/api/v1/knowledge/路径" name="知识路由中间件 路径匹配 应处理/api/v1/knowledge/路径" time="0.001">
    </testcase>
    <testcase classname="知识路由中间件 路径匹配 应处理/api/v1/knowledge/subpath路径" name="知识路由中间件 路径匹配 应处理/api/v1/knowledge/subpath路径" time="0.001">
    </testcase>
    <testcase classname="知识路由中间件 路径匹配 应跳过不匹配的路径" name="知识路由中间件 路径匹配 应跳过不匹配的路径" time="0.001">
    </testcase>
    <testcase classname="知识路由中间件 查询参数处理 应从q参数中获取查询内容" name="知识路由中间件 查询参数处理 应从q参数中获取查询内容" time="0.001">
    </testcase>
    <testcase classname="知识路由中间件 查询参数处理 应从query参数中获取查询内容" name="知识路由中间件 查询参数处理 应从query参数中获取查询内容" time="0.001">
    </testcase>
    <testcase classname="知识路由中间件 查询参数处理 应处理空查询" name="知识路由中间件 查询参数处理 应处理空查询" time="0">
    </testcase>
    <testcase classname="知识路由中间件 查询参数处理 应将非字符串查询转换为字符串" name="知识路由中间件 查询参数处理 应将非字符串查询转换为字符串" time="0.001">
    </testcase>
    <testcase classname="知识路由中间件 领域分类 应将基因相关查询分类到精准医学领域" name="知识路由中间件 领域分类 应将基因相关查询分类到精准医学领域" time="0.001">
    </testcase>
    <testcase classname="知识路由中间件 领域分类 应将多模态相关查询分类到多模态健康领域" name="知识路由中间件 领域分类 应将多模态相关查询分类到多模态健康领域" time="0.001">
    </testcase>
    <testcase classname="知识路由中间件 领域分类 应将环境相关查询分类到环境健康领域" name="知识路由中间件 领域分类 应将环境相关查询分类到环境健康领域" time="0">
    </testcase>
    <testcase classname="知识路由中间件 领域分类 应将心理相关查询分类到心理健康领域" name="知识路由中间件 领域分类 应将心理相关查询分类到心理健康领域" time="0.001">
    </testcase>
    <testcase classname="知识路由中间件 领域分类 应将中医相关查询分类到传统文化领域" name="知识路由中间件 领域分类 应将中医相关查询分类到传统文化领域" time="0.001">
    </testcase>
    <testcase classname="知识路由中间件 领域分类 应将西医相关查询分类到现代医学领域" name="知识路由中间件 领域分类 应将西医相关查询分类到现代医学领域" time="0">
    </testcase>
    <testcase classname="知识路由中间件 领域分类 应将无法分类的查询分类到默认领域" name="知识路由中间件 领域分类 应将无法分类的查询分类到默认领域" time="0.002">
    </testcase>
    <testcase classname="知识路由中间件 领域分类 应正确处理包含多个领域关键词的查询" name="知识路由中间件 领域分类 应正确处理包含多个领域关键词的查询" time="0.001">
    </testcase>
    <testcase classname="知识路由中间件 代理配置 应配置正确的目标URL" name="知识路由中间件 代理配置 应配置正确的目标URL" time="0.001">
    </testcase>
    <testcase classname="知识路由中间件 代理配置 应配置路径重写规则" name="知识路由中间件 代理配置 应配置路径重写规则" time="0">
    </testcase>
    <testcase classname="知识路由中间件 代理配置 应配置changeOrigin为true" name="知识路由中间件 代理配置 应配置changeOrigin为true" time="0.001">
    </testcase>
    <testcase classname="知识路由中间件 错误处理 应在负载均衡器不存在时返回503错误" name="知识路由中间件 错误处理 应在负载均衡器不存在时返回503错误" time="0.001">
    </testcase>
    <testcase classname="知识路由中间件 错误处理 应在负载均衡器映射为空时返回503错误" name="知识路由中间件 错误处理 应在负载均衡器映射为空时返回503错误" time="0.001">
    </testcase>
    <testcase classname="知识路由中间件 错误处理 应在负载均衡器不包含所需服务时返回503错误" name="知识路由中间件 错误处理 应在负载均衡器不包含所需服务时返回503错误" time="0">
    </testcase>
    <testcase classname="知识路由中间件 错误处理 应捕获并处理异常" name="知识路由中间件 错误处理 应捕获并处理异常" time="0.001">
    </testcase>
    <testcase classname="知识路由中间件 错误处理 应捕获代理创建过程中的异常" name="知识路由中间件 错误处理 应捕获代理创建过程中的异常" time="0.001">
    </testcase>
  </testsuite>
</testsuites>